[2020-12-14 21:41:34 +0800] [21157] [INFO] Starting gunicorn 20.0.4
[2020-12-14 21:41:34 +0800] [21157] [INFO] Listening at: http://0.0.0.0:5000 (21157)
[2020-12-14 21:41:34 +0800] [21157] [INFO] Using worker: gevent
[2020-12-14 21:41:34 +0800] [21160] [INFO] Booting worker with pid: 21160
[2020-12-14 21:41:34 +0800] [21161] [INFO] Booting worker with pid: 21161
[2020-12-14 21:41:34 +0800] [21162] [INFO] Booting worker with pid: 21162
[2020-12-14 21:41:34 +0800] [21163] [INFO] Booting worker with pid: 21163
[2020-12-14 21:41:34 +0800] [21164] [INFO] Booting worker with pid: 21164
2020-12-14 21:41:57,115 INFO sqlalchemy.engine.base.Engine SELECT CAST('test plain returns' AS VARCHAR(60)) AS anon_1
2020-12-14 21:41:57,115 INFO sqlalchemy.engine.base.Engine ()
2020-12-14 21:41:57,116 INFO sqlalchemy.engine.base.Engine SELECT CAST('test unicode returns' AS VARCHAR(60)) AS anon_1
2020-12-14 21:41:57,116 INFO sqlalchemy.engine.base.Engine ()
2020-12-14 21:41:57,117 INFO sqlalchemy.engine.base.Engine BEGIN (implicit)
2020-12-14 21:41:57,118 INFO sqlalchemy.engine.base.Engine SELECT "FavorRSS"."_Id" AS "FavorRSS__Id", "FavorRSS"."userId" AS "FavorRSS_userId", "FavorRSS"."rssId" AS "FavorRSS_rssId" 
FROM "FavorRSS" 
WHERE "FavorRSS"."userId" = ?
2020-12-14 21:41:57,118 INFO sqlalchemy.engine.base.Engine ('2efd8e10-3dec-11eb-a877-00163e0f2f21',)
2020-12-14 21:41:57,119 INFO sqlalchemy.engine.base.Engine ROLLBACK
2020-12-14 21:42:01,330 INFO sqlalchemy.engine.base.Engine SELECT CAST('test plain returns' AS VARCHAR(60)) AS anon_1
2020-12-14 21:42:01,330 INFO sqlalchemy.engine.base.Engine ()
2020-12-14 21:42:01,331 INFO sqlalchemy.engine.base.Engine SELECT CAST('test unicode returns' AS VARCHAR(60)) AS anon_1
2020-12-14 21:42:01,331 INFO sqlalchemy.engine.base.Engine ()
2020-12-14 21:42:01,332 INFO sqlalchemy.engine.base.Engine BEGIN (implicit)
2020-12-14 21:42:01,333 INFO sqlalchemy.engine.base.Engine SELECT "FavorRSS"."_Id" AS "FavorRSS__Id", "FavorRSS"."userId" AS "FavorRSS_userId", "FavorRSS"."rssId" AS "FavorRSS_rssId" 
FROM "FavorRSS" 
WHERE "FavorRSS"."userId" = ?
2020-12-14 21:42:01,333 INFO sqlalchemy.engine.base.Engine ('2efd8e10-3dec-11eb-a877-00163e0f2f21',)
2020-12-14 21:42:01,335 INFO sqlalchemy.engine.base.Engine ROLLBACK
2020-12-14 21:42:03,456 INFO sqlalchemy.engine.base.Engine SELECT CAST('test plain returns' AS VARCHAR(60)) AS anon_1
2020-12-14 21:42:03,456 INFO sqlalchemy.engine.base.Engine ()
2020-12-14 21:42:03,456 INFO sqlalchemy.engine.base.Engine SELECT CAST('test unicode returns' AS VARCHAR(60)) AS anon_1
2020-12-14 21:42:03,457 INFO sqlalchemy.engine.base.Engine ()
2020-12-14 21:42:03,457 INFO sqlalchemy.engine.base.Engine BEGIN (implicit)
2020-12-14 21:42:03,458 INFO sqlalchemy.engine.base.Engine SELECT "UserInfo"."UserId" AS "UserInfo_UserId", "UserInfo"."Username" AS "UserInfo_Username", "UserInfo"."Password_hash" AS "UserInfo_Password_hash" 
FROM "UserInfo" 
WHERE "UserInfo"."UserId" = ?
2020-12-14 21:42:03,458 INFO sqlalchemy.engine.base.Engine ('2efd8e10-3dec-11eb-a877-00163e0f2f21',)
2020-12-14 21:42:03,460 INFO sqlalchemy.engine.base.Engine SELECT "FavorRSS"."_Id" AS "FavorRSS__Id", "FavorRSS"."userId" AS "FavorRSS_userId", "FavorRSS"."rssId" AS "FavorRSS_rssId" 
FROM "FavorRSS" 
WHERE "FavorRSS"."userId" = ?
2020-12-14 21:42:03,460 INFO sqlalchemy.engine.base.Engine ('2efd8e10-3dec-11eb-a877-00163e0f2f21',)
2020-12-14 21:42:03,461 INFO sqlalchemy.engine.base.Engine SELECT "KnownRSS"."rssId" AS "KnownRSS_rssId", "KnownRSS".rsslink AS "KnownRSS_rsslink", "KnownRSS".rsstitle AS "KnownRSS_rsstitle" 
FROM "KnownRSS"
2020-12-14 21:42:03,461 INFO sqlalchemy.engine.base.Engine ()
{'state': 'success', 'rst': [{'_Id': 2, 'userId': '2efd8e10-3dec-11eb-a877-00163e0f2f21', 'rsslink': 'www.bilibili.com', 'rsstitle': 'bilibili'}]}
2020-12-14 21:42:03,464 INFO sqlalchemy.engine.base.Engine ROLLBACK
2020-12-14 21:45:36,065 INFO sqlalchemy.engine.base.Engine SELECT CAST('test plain returns' AS VARCHAR(60)) AS anon_1
2020-12-14 21:45:36,065 INFO sqlalchemy.engine.base.Engine ()
2020-12-14 21:45:36,065 INFO sqlalchemy.engine.base.Engine SELECT CAST('test unicode returns' AS VARCHAR(60)) AS anon_1
2020-12-14 21:45:36,066 INFO sqlalchemy.engine.base.Engine ()
2020-12-14 21:45:36,066 INFO sqlalchemy.engine.base.Engine BEGIN (implicit)
2020-12-14 21:45:36,067 INFO sqlalchemy.engine.base.Engine SELECT "KnownRSS"."rssId" AS "KnownRSS_rssId", "KnownRSS".rsslink AS "KnownRSS_rsslink", "KnownRSS".rsstitle AS "KnownRSS_rsstitle" 
FROM "KnownRSS" 
WHERE "KnownRSS".rsslink = ?
2020-12-14 21:45:36,067 INFO sqlalchemy.engine.base.Engine ('https://rss.shab.fun/cctv/tech',)
2020-12-14 21:45:36,068 INFO sqlalchemy.engine.base.Engine SELECT "KnownRSS"."rssId" AS "KnownRSS_rssId", "KnownRSS".rsslink AS "KnownRSS_rsslink", "KnownRSS".rsstitle AS "KnownRSS_rsstitle" 
FROM "KnownRSS" 
WHERE "KnownRSS".rsstitle = ?
2020-12-14 21:45:36,069 INFO sqlalchemy.engine.base.Engine ('cctvtech',)
2020-12-14 21:45:36,070 INFO sqlalchemy.engine.base.Engine INSERT INTO "KnownRSS" (rsslink, rsstitle) VALUES (?, ?)
2020-12-14 21:45:36,070 INFO sqlalchemy.engine.base.Engine ('https://rss.shab.fun/cctv/tech', 'cctvtech')
2020-12-14 21:45:36,070 INFO sqlalchemy.engine.base.Engine COMMIT
2020-12-14 21:45:36,079 INFO sqlalchemy.engine.base.Engine BEGIN (implicit)
2020-12-14 21:45:36,080 INFO sqlalchemy.engine.base.Engine SELECT "KnownRSS"."rssId" AS "KnownRSS_rssId", "KnownRSS".rsslink AS "KnownRSS_rsslink", "KnownRSS".rsstitle AS "KnownRSS_rsstitle" 
FROM "KnownRSS" 
WHERE "KnownRSS".rsslink = ? AND "KnownRSS".rsstitle = ?
2020-12-14 21:45:36,080 INFO sqlalchemy.engine.base.Engine ('https://rss.shab.fun/cctv/tech', 'cctvtech')
2020-12-14 21:45:36,081 INFO sqlalchemy.engine.base.Engine ROLLBACK
2020-12-14 21:45:45,583 INFO sqlalchemy.engine.base.Engine BEGIN (implicit)
2020-12-14 21:45:45,584 INFO sqlalchemy.engine.base.Engine SELECT "FavorRSS"."_Id" AS "FavorRSS__Id", "FavorRSS"."userId" AS "FavorRSS_userId", "FavorRSS"."rssId" AS "FavorRSS_rssId" 
FROM "FavorRSS" 
WHERE "FavorRSS"."userId" = ? AND "FavorRSS"."rssId" = ?
2020-12-14 21:45:45,584 INFO sqlalchemy.engine.base.Engine ('2efd8e10-3dec-11eb-a877-00163e0f2f21', '4')
2020-12-14 21:45:45,586 INFO sqlalchemy.engine.base.Engine INSERT INTO "FavorRSS" ("userId", "rssId") VALUES (?, ?)
2020-12-14 21:45:45,586 INFO sqlalchemy.engine.base.Engine ('2efd8e10-3dec-11eb-a877-00163e0f2f21', '4')
2020-12-14 21:45:45,586 INFO sqlalchemy.engine.base.Engine COMMIT
2020-12-14 21:45:45,596 INFO sqlalchemy.engine.base.Engine BEGIN (implicit)
2020-12-14 21:45:45,597 INFO sqlalchemy.engine.base.Engine SELECT "FavorRSS"."_Id" AS "FavorRSS__Id", "FavorRSS"."userId" AS "FavorRSS_userId", "FavorRSS"."rssId" AS "FavorRSS_rssId" 
FROM "FavorRSS" 
WHERE "FavorRSS"."userId" = ? AND "FavorRSS"."rssId" = ?
2020-12-14 21:45:45,597 INFO sqlalchemy.engine.base.Engine ('2efd8e10-3dec-11eb-a877-00163e0f2f21', '4')
2020-12-14 21:45:45,598 INFO sqlalchemy.engine.base.Engine ROLLBACK
2020-12-14 21:45:51,602 INFO sqlalchemy.engine.base.Engine BEGIN (implicit)
2020-12-14 21:45:51,603 INFO sqlalchemy.engine.base.Engine SELECT "KnownRSS"."rssId" AS "KnownRSS_rssId", "KnownRSS".rsslink AS "KnownRSS_rsslink", "KnownRSS".rsstitle AS "KnownRSS_rsstitle" 
FROM "KnownRSS"
2020-12-14 21:45:51,603 INFO sqlalchemy.engine.base.Engine ()
2020-12-14 21:45:51,604 INFO sqlalchemy.engine.base.Engine ROLLBACK
2020-12-14 21:46:00,802 INFO sqlalchemy.engine.base.Engine BEGIN (implicit)
2020-12-14 21:46:00,803 INFO sqlalchemy.engine.base.Engine SELECT "FavorRSS"."_Id" AS "FavorRSS__Id", "FavorRSS"."userId" AS "FavorRSS_userId", "FavorRSS"."rssId" AS "FavorRSS_rssId" 
FROM "FavorRSS" 
WHERE "FavorRSS"."userId" = ?
2020-12-14 21:46:00,803 INFO sqlalchemy.engine.base.Engine ('2efd8e10-3dec-11eb-a877-00163e0f2f21',)
2020-12-14 21:46:00,804 INFO sqlalchemy.engine.base.Engine ROLLBACK
2020-12-14 21:46:08,299 INFO sqlalchemy.engine.base.Engine BEGIN (implicit)
2020-12-14 21:46:08,300 INFO sqlalchemy.engine.base.Engine SELECT "UserInfo"."UserId" AS "UserInfo_UserId", "UserInfo"."Username" AS "UserInfo_Username", "UserInfo"."Password_hash" AS "UserInfo_Password_hash" 
FROM "UserInfo" 
WHERE "UserInfo"."UserId" = ?
2020-12-14 21:46:08,300 INFO sqlalchemy.engine.base.Engine ('2efd8e10-3dec-11eb-a877-00163e0f2f21',)
2020-12-14 21:46:08,302 INFO sqlalchemy.engine.base.Engine SELECT "FavorRSS"."_Id" AS "FavorRSS__Id", "FavorRSS"."userId" AS "FavorRSS_userId", "FavorRSS"."rssId" AS "FavorRSS_rssId" 
FROM "FavorRSS" 
WHERE "FavorRSS"."userId" = ?
2020-12-14 21:46:08,302 INFO sqlalchemy.engine.base.Engine ('2efd8e10-3dec-11eb-a877-00163e0f2f21',)
2020-12-14 21:46:08,303 INFO sqlalchemy.engine.base.Engine SELECT "KnownRSS"."rssId" AS "KnownRSS_rssId", "KnownRSS".rsslink AS "KnownRSS_rsslink", "KnownRSS".rsstitle AS "KnownRSS_rsstitle" 
FROM "KnownRSS"
2020-12-14 21:46:08,303 INFO sqlalchemy.engine.base.Engine ()
/usr/local/lib/python3.6/dist-packages/requests/__init__.py:91: RequestsDependencyWarning: urllib3 (1.26.2) or chardet (3.0.4) doesn't match a supported version!
  RequestsDependencyWarning)
Building prefix dict from the default dictionary ...
Loading model from cache /tmp/jieba.cache
Loading model cost 0.858 seconds.
Prefix dict has been built successfully.
{'state': 'success', 'rst': [{'_Id': 2, 'userId': '2efd8e10-3dec-11eb-a877-00163e0f2f21', 'rsslink': 'www.bilibili.com', 'rsstitle': 'bilibili'}, {'_Id': 3, 'userId': '2efd8e10-3dec-11eb-a877-00163e0f2f21', 'rsslink': 'https://rss.shab.fun/cctv/tech', 'rsstitle': 'cctvtech'}]}
2020-12-14 21:46:20,679 INFO sqlalchemy.engine.base.Engine INSERT INTO "Article" ("ArticleId", "ArticleTitle", "ArticleContent") VALUES (?, ?, ?)
2020-12-14 21:46:20,679 INFO sqlalchemy.engine.base.Engine ('98ddd305-9cec-4803-9c27-c23038c7583e', '苹果CEO库克：我们不需要在盈利和地球的未来之间做选择', '  【环球网科技报道 记者 张阳】12月12日，苹果公司CEO 蒂姆·库克出席气候雄心峰会，呼吁采取更有力的气候行动。   库克在发言中表示，今年，苹果公司加速了实现碳中和的进程。他说：“苹果公司在全球业务中实现了碳中和。我们已经帮助95家供应商实现了100%的可再生能源转型，而且这一数字还在不断 ... (212 characters truncated) ... 政府竭尽所能，让2021年成为转折性的一年。   在今年7月，苹果最新公布的《2020环境进展报告》中详细地指出，计划在2030年前将碳排放减少75%，同时为剩余25%综合碳足迹开发创新性碳去除解决方案。苹果将会从低碳产品设计、加大能源效率、使用可再生能源、创新流程和材料创新等方面实现碳中和目标。')
2020-12-14 21:46:20,680 INFO sqlalchemy.engine.base.Engine SELECT "Article"."ArticleId" AS "Article_ArticleId", "Article"."ArticleTitle" AS "Article_ArticleTitle", "Article"."ArticleContent" AS "Article_ArticleContent" 
FROM "Article" 
WHERE "Article"."ArticleTitle" = ?
2020-12-14 21:46:20,680 INFO sqlalchemy.engine.base.Engine ('苹果CEO库克：我们不需要在盈利和地球的未来之间做选择',)
2020-12-14 21:46:20,814 INFO sqlalchemy.engine.base.Engine INSERT INTO "Article2Keyword" ("A2Kid", "ArticleId", "Keyword") VALUES (?, ?, ?)
2020-12-14 21:46:20,814 INFO sqlalchemy.engine.base.Engine (('7cd4bee7-7958-4c83-9b7a-e9007192e6e3', '98ddd305-9cec-4803-9c27-c23038c7583e', '苹果公司'), ('3542cfab-1e03-4532-a2d6-c6314e25ce52', '98ddd305-9cec-4803-9c27-c23038c7583e', '记者'), ('c8ee8e17-bf3e-415e-89ee-f09593d74725', '98ddd305-9cec-4803-9c27-c23038c7583e', '气候'), ('1962e016-325a-4cc1-9276-c7ea8fd7c645', '98ddd305-9cec-4803-9c27-c23038c7583e', '地球'), ('8d9cf742-e5be-4f61-b4c8-72c78ead2434', '98ddd305-9cec-4803-9c27-c23038c7583e', '材料'), ('23288ef6-67f5-42dc-a5e5-7a6cc8b9befa', '98ddd305-9cec-4803-9c27-c23038c7583e', '供应链'), ('589e401a-c3ad-468f-85da-2e5f1466a31d', '98ddd305-9cec-4803-9c27-c23038c7583e', '解决方案'), ('d4c31766-f105-41bc-804e-3e1630345ba9', '98ddd305-9cec-4803-9c27-c23038c7583e', '时代')  ... displaying 10 of 20 total bound parameter sets ...  ('8ba7dc25-9d0d-4eab-8a5f-057245c01e44', '98ddd305-9cec-4803-9c27-c23038c7583e', '雄心'), ('47770618-5055-477e-ab45-00ee351ecb65', '98ddd305-9cec-4803-9c27-c23038c7583e', '科技'))
2020-12-14 21:46:20,814 INFO sqlalchemy.engine.base.Engine INSERT INTO "Article" ("ArticleId", "ArticleTitle", "ArticleContent") VALUES (?, ?, ?)
2020-12-14 21:46:20,814 INFO sqlalchemy.engine.base.Engine ('c710c49f-4b0d-414b-9e22-e4c01d5536bf', '代工厂产能紧张 芯片短缺何时能缓解？', '  中新社北京12月13日电 (记者 刘育英)新一轮的芯片短缺已经影响到汽车、手机、消费电子等终端行业。由于芯片代工企业的产能很难快速扩张，业内人士认为，这一轮的芯片短缺可能要到明年年底才能缓解。   大众汽车集团(中国)公关部相关负责人接受媒体采访时表示，新冠肺炎疫情带来的不确定性，影响到了一些 ... (868 characters truncated) ... 国汽车零部件供应商大陆集团表示，在疫情导致全球销量下滑后，中国半导体需求反弹，供应链瓶颈可能持续到2021年。   目前，芯片制造已经成为中国电子信息产业卡脖子“短板”。张扬认为，芯片制造不仅是引进设备，更是要从新材料、精度、工艺等方面突破芯片制造设备的生产制造，才能从源头上真正解决这一“短板”。')
2020-12-14 21:46:20,815 INFO sqlalchemy.engine.base.Engine SELECT "Article"."ArticleId" AS "Article_ArticleId", "Article"."ArticleTitle" AS "Article_ArticleTitle", "Article"."ArticleContent" AS "Article_ArticleContent" 
FROM "Article" 
WHERE "Article"."ArticleTitle" = ?
2020-12-14 21:46:20,816 INFO sqlalchemy.engine.base.Engine ('代工厂产能紧张 芯片短缺何时能缓解？',)
2020-12-14 21:46:20,880 INFO sqlalchemy.engine.base.Engine INSERT INTO "Article2Keyword" ("A2Kid", "ArticleId", "Keyword") VALUES (?, ?, ?)
2020-12-14 21:46:20,880 INFO sqlalchemy.engine.base.Engine (('48954ad2-8292-48aa-8727-96d5432b2621', 'c710c49f-4b0d-414b-9e22-e4c01d5536bf', '芯片'), ('10a5ad28-531c-49a5-9c71-58bc52a93618', 'c710c49f-4b0d-414b-9e22-e4c01d5536bf', '汽车'), ('9b738be5-8752-436a-a433-29d0b5c2f9f3', 'c710c49f-4b0d-414b-9e22-e4c01d5536bf', '电子'), ('3fb5df6c-fae3-4fe0-b6ae-37d29bd04438', 'c710c49f-4b0d-414b-9e22-e4c01d5536bf', '疫情'), ('60454fb9-4825-47d2-aadf-9c4a9ec2541c', 'c710c49f-4b0d-414b-9e22-e4c01d5536bf', '中国'), ('143458e7-8974-4d6d-8f97-690c4636dd73', 'c710c49f-4b0d-414b-9e22-e4c01d5536bf', '供应链'), ('d0953779-57fe-4d2f-9e98-9140312301f5', 'c710c49f-4b0d-414b-9e22-e4c01d5536bf', '手机'), ('fcf8e2f9-25d9-44e2-b075-853e0a7227e5', 'c710c49f-4b0d-414b-9e22-e4c01d5536bf', '记者')  ... displaying 10 of 20 total bound parameter sets ...  ('3465cfb1-4d3d-47d3-bb52-571a66d803e3', 'c710c49f-4b0d-414b-9e22-e4c01d5536bf', '集成电路'), ('7ddb1a66-5416-432a-9c59-5038f115925c', 'c710c49f-4b0d-414b-9e22-e4c01d5536bf', '世界'))
2020-12-14 21:46:20,881 INFO sqlalchemy.engine.base.Engine INSERT INTO "Article" ("ArticleId", "ArticleTitle", "ArticleContent") VALUES (?, ?, ?)
2020-12-14 21:46:20,881 INFO sqlalchemy.engine.base.Engine ('6808fb8d-6a7c-4a58-8327-ce04cf141a17', '澳研究发现热带珊瑚礁鱼类寿命可达80岁以上', '  新华社悉尼12月13日电（记者陈宇）澳大利亚海洋学研究所科研人员确认，一条生活在西澳大利亚州海岸附近的81岁斑点笛鲷是世界上已知最长寿的热带珊瑚礁鱼。相关论文发表于新一期德国《珊瑚礁》杂志上。   澳大利亚海洋学研究所在一份报告中说，该机构研究人员在西澳大利亚州海岸附近4个地点和印度洋中部的查 ... (151 characters truncated) ... 区鱼类最长寿命约为60岁，而最新研究表明，至少两个热带鱼物种有个体已经或正在进入“耄耋之年”，甚至可能活得更久。   领衔这项研究的澳大利亚海洋学研究所鱼类生物学家布雷特·泰勒博士表示，当地对海洋资源的保护和限制捕捞是这些鱼能够长寿的原因之一，相关研究也将有助于了解气候变化对鱼类大小和寿命的影响。')
2020-12-14 21:46:20,882 INFO sqlalchemy.engine.base.Engine SELECT "Article"."ArticleId" AS "Article_ArticleId", "Article"."ArticleTitle" AS "Article_ArticleTitle", "Article"."ArticleContent" AS "Article_ArticleContent" 
FROM "Article" 
WHERE "Article"."ArticleTitle" = ?
2020-12-14 21:46:20,882 INFO sqlalchemy.engine.base.Engine ('澳研究发现热带珊瑚礁鱼类寿命可达80岁以上',)
2020-12-14 21:46:20,949 INFO sqlalchemy.engine.base.Engine INSERT INTO "Article2Keyword" ("A2Kid", "ArticleId", "Keyword") VALUES (?, ?, ?)
2020-12-14 21:46:20,949 INFO sqlalchemy.engine.base.Engine (('43c6baed-8652-4c15-a7d2-ce687d9eb0f1', '6808fb8d-6a7c-4a58-8327-ce04cf141a17', '鱼类'), ('f890dbf4-f2e5-41f6-943b-7700b1c724ca', '6808fb8d-6a7c-4a58-8327-ce04cf141a17', '珊瑚礁'), ('f5f399f3-90ee-419f-bdbe-d0efbf1b1a94', '6808fb8d-6a7c-4a58-8327-ce04cf141a17', '海洋学'), ('0def0403-ce36-440c-b717-1569df64c40d', '6808fb8d-6a7c-4a58-8327-ce04cf141a17', '附近'), ('64d19301-a954-458f-9ee0-21a341e478b6', '6808fb8d-6a7c-4a58-8327-ce04cf141a17', '澳大利亚'), ('c60e554e-9886-47e0-91dd-ff3d0cd5e64d', '6808fb8d-6a7c-4a58-8327-ce04cf141a17', '研究所'), ('03b1cbdb-c4d8-4b27-b2c4-63ee190e2a60', '6808fb8d-6a7c-4a58-8327-ce04cf141a17', '热带鱼'), ('9d74ec54-376d-48d2-b869-eebed216885e', '6808fb8d-6a7c-4a58-8327-ce04cf141a17', '西澳大利亚')  ... displaying 10 of 20 total bound parameter sets ...  ('16ead308-5695-44a6-a0ae-75b9fe17f016', '6808fb8d-6a7c-4a58-8327-ce04cf141a17', '新华社'), ('aa22eb2e-1f0f-4f7c-b151-a128df6d9058', '6808fb8d-6a7c-4a58-8327-ce04cf141a17', '科学家'))
2020-12-14 21:46:20,949 INFO sqlalchemy.engine.base.Engine INSERT INTO "Article" ("ArticleId", "ArticleTitle", "ArticleContent") VALUES (?, ?, ?)
2020-12-14 21:46:20,950 INFO sqlalchemy.engine.base.Engine ('240672fa-893e-44e4-bf27-0332caa975b1', '国际空间站首次收获新鲜萝卜', '  科技日报讯 （记者刘霞）据美国有线电视新闻网（CNN）近日报道，美国国家航空航天局（NASA）飞行工程师最近拔出了在国际空间站高级植物培养环境中种植的20根萝卜，用锡纸包裹好，以便冷藏至明年送回地球。研究人员称，这一成果为较长期月球和火星之旅的食物生产播下了希望的种子。   NASA发布的一份 ... (392 characters truncated) ... 完全成熟。此外，这种根茎类蔬菜在生长过程中也无需很多养护。   该项目首席研究员卡尔·哈森斯坦说，研究人员将分析二氧化碳对萝卜的影响，以及这些蔬菜获取矿物质的情况。   杜富尔说：“种植一系列作物有助于我们确定哪些植物可在微重力环境下茁壮生长，并为执行长期航天任务的宇航员提供最佳品种及均衡营养。”')
2020-12-14 21:46:20,951 INFO sqlalchemy.engine.base.Engine SELECT "Article"."ArticleId" AS "Article_ArticleId", "Article"."ArticleTitle" AS "Article_ArticleTitle", "Article"."ArticleContent" AS "Article_ArticleContent" 
FROM "Article" 
WHERE "Article"."ArticleTitle" = ?
2020-12-14 21:46:20,951 INFO sqlalchemy.engine.base.Engine ('国际空间站首次收获新鲜萝卜',)
2020-12-14 21:46:21,060 INFO sqlalchemy.engine.base.Engine INSERT INTO "Article2Keyword" ("A2Kid", "ArticleId", "Keyword") VALUES (?, ?, ?)
2020-12-14 21:46:21,061 INFO sqlalchemy.engine.base.Engine (('00e1c7f1-1245-4c6b-96f0-0884dd7ba0ec', '240672fa-893e-44e4-bf27-0332caa975b1', '萝卜'), ('5644d861-9fdd-48ac-8e5f-0a469dbc6523', '240672fa-893e-44e4-bf27-0332caa975b1', '宇航员'), ('30644e23-887f-4526-b02e-125ccf790805', '240672fa-893e-44e4-bf27-0332caa975b1', '植物'), ('dad1a3c1-a766-4b28-ad20-6db76ee27ab0', '240672fa-893e-44e4-bf27-0332caa975b1', 'NASA'), ('687e7bc2-4dbd-4576-bd09-b2a73e9b852d', '240672fa-893e-44e4-bf27-0332caa975b1', '太空'), ('b8851f76-78c8-4a49-b7a1-377d4329451b', '240672fa-893e-44e4-bf27-0332caa975b1', '生菜'), ('85b856cb-a05a-4b0c-a78b-f74b4c9e5566', '240672fa-893e-44e4-bf27-0332caa975b1', '环境'), ('58a6bb8c-fbb0-4c78-99be-f318d58d1714', '240672fa-893e-44e4-bf27-0332caa975b1', '生长')  ... displaying 10 of 20 total bound parameter sets ...  ('b6825b94-8aa7-483a-a7dc-6b1dd64c710a', '240672fa-893e-44e4-bf27-0332caa975b1', '空间站'), ('00f1ae82-a4e9-4059-9045-a4aea450f81a', '240672fa-893e-44e4-bf27-0332caa975b1', '项目'))
2020-12-14 21:46:21,061 INFO sqlalchemy.engine.base.Engine INSERT INTO "Article" ("ArticleId", "ArticleTitle", "ArticleContent") VALUES (?, ?, ?)
2020-12-14 21:46:21,061 INFO sqlalchemy.engine.base.Engine ('7241f727-75f1-4d4e-a537-a2eaccd9501c', '“阿耳忒弥斯3号”欲建月球大本营', '  据美国媒体12月8日报道，美国国家航空航天局（NASA）近日发布了一份长达188页的报告，概述了其2024年开始的“阿耳忒弥斯3号”（Artemis III）任务的七大科学目标，其中包括进一步阐释地球—月球系统的撞击历史等，以揭开笼罩在“月亮女神”头上的“神秘面纱”。   美国媒体在报道中指出 ... (1494 characters truncated) ... 阿耳忒弥斯”计划能否“得偿所愿”，在很大程度上将取决于NASA未来几年能否获得足额资助。据美国太空新闻网报道，NASA希望其人类着陆系统2021财年能获得32亿美元拨款，但参议院版本的预算法案只拨款10亿美元；众议院版本的法案只拨款6亿美元。任一法案获得通过，都将使其2024年登月时间表岌岌可危。')
2020-12-14 21:46:21,062 INFO sqlalchemy.engine.base.Engine SELECT "Article"."ArticleId" AS "Article_ArticleId", "Article"."ArticleTitle" AS "Article_ArticleTitle", "Article"."ArticleContent" AS "Article_ArticleContent" 
FROM "Article" 
WHERE "Article"."ArticleTitle" = ?
2020-12-14 21:46:21,062 INFO sqlalchemy.engine.base.Engine ('“阿耳忒弥斯3号”欲建月球大本营',)
2020-12-14 21:46:21,110 INFO sqlalchemy.engine.base.Engine ROLLBACK
{
  "took": 726,
  "timed_out": false,
  "_shards": {
    "total": 1,
    "successful": 1,
    "skipped": 0,
    "failed": 0
  },
  "hits": {
    "total": {
      "value": 10,
      "relation": "eq"
    },
    "max_score": 3.9142275,
    "hits": [
      {
        "_index": "news",
        "_type": "news",
        "_id": "_Wu0W3YBQt_KJKR8ZzkY",
        "_score": 3.9142275,
        "_source": {
          "title": "公安部：各地校车将享最高路权",
          "url": "http://www.chinanews.com/gn/2011/12-16/3536077.shtml",
          "date": "2011-12-16",
          "article": "我的前18年在中国出生和长大，后来去了美国4年。现在——2020年8月——我对这两个国家的感情都很复杂。对这个问题，坦白讲——在西方生活过后，我并没有变得爱国，但对西方敌意的抵抗意识增强了，对祖国的理解也增加了。美式民主、自由和平等，当我在2020这个“魔幻现实主义”年当中继续思考这些问题时，幻想与泡沫最终破灭了。我终于意识到，西方的宣传和对人权的剥夺与中国“没有什么不同”。上大学之前，我对中国社会和中国政府是冷嘲热讽的。坦白说，我没有任何证据来支持我的愤世嫉俗，因为没有太多的信息源可以让我接触到不同的观点。我只知道：某些话题不允许谈论，电影中被删除的镜头无法“合法”地找到，艺术作品要被审查。为什么会这样？我不知道。没人会告诉我，互联网上也找不到答案。我告诉自己——一定有什么非常非常错误的事情。当我终于来到（美国）这片“自由”的土地时，生平第一次听到了“XXXXXX”（即西方媒体谈及80年代末政治风波时常用的污蔑性字眼，下同）、“解放西藏”、“新疆再教育营”类的事情……通过别人了解到自己国家的“污点”是怎样的羞愧和屈辱，真是难以形容。我不得不认识到，我在教科书中学到的并不全是真的，我需要重建我的世界观。当我的藏族朋友坐在我面前，告诉我她爷爷的故事时，我感到遭到了欺骗与背叛。很长一段时间，我觉得自己被放逐了。同时，作为一名艺术家，自由的状态赋予了我前所未有的自在感。与各种肤色的人交过朋友后，我以为中国要实现美国的平等和多样性还有很长的路要走。我以为，如果我想继续创作能照亮现实的艺术，我就不能回到家去。最重要的是，我以为美国是我最终的归属。于是我告诉自己：要么留在美国做一名艺术家，要么回家，闭上嘴巴，去做点别的事情。之后，在寒暑假回家的时候，我感到自己比同辈们更开明、更有优越感。然而，每次我回去，中国的生活都会变得不一样。更多的摩天大楼，更多的主权，更多的骄傲感。最重要的是，人们是快乐的，比“自由”国度的民众要快乐得多，讽刺地是，在“自由”国度，人们感到的压抑和窒息却更多，而另一方面，他们又认为自己高中国人一等。"
        }
      },
      {
        "_index": "news",
        "_type": "news",
        "_id": "AWu0W3YBQt_KJKR8zDr-",
        "_score": 3.9142275,
        "_source": {
          "title": "公安部：各地校车将享最高路权",
          "url": "http://www.chinanews.com/gn/2011/12-16/3536077.shtml",
          "date": "2011-12-16",
          "article": "我的前18年在中国出生和长大，后来去了美国4年。现在——2020年8月——我对这两个国家的感情都很复杂。对这个问题，坦白讲——在西方生活过后，我并没有变得爱国，但对西方敌意的抵抗意识增强了，对祖国的理解也增加了。美式民主、自由和平等，当我在2020这个“魔幻现实主义”年当中继续思考这些问题时，幻想与泡沫最终破灭了。我终于意识到，西方的宣传和对人权的剥夺与中国“没有什么不同”。上大学之前，我对中国社会和中国政府是冷嘲热讽的。坦白说，我没有任何证据来支持我的愤世嫉俗，因为没有太多的信息源可以让我接触到不同的观点。我只知道：某些话题不允许谈论，电影中被删除的镜头无法“合法”地找到，艺术作品要被审查。为什么会这样？我不知道。没人会告诉我，互联网上也找不到答案。我告诉自己——一定有什么非常非常错误的事情。当我终于来到（美国）这片“自由”的土地时，生平第一次听到了“XXXXXX”（即西方媒体谈及80年代末政治风波时常用的污蔑性字眼，下同）、“解放西藏”、“新疆再教育营”类的事情……通过别人了解到自己国家的“污点”是怎样的羞愧和屈辱，真是难以形容。我不得不认识到，我在教科书中学到的并不全是真的，我需要重建我的世界观。当我的藏族朋友坐在我面前，告诉我她爷爷的故事时，我感到遭到了欺骗与背叛。很长一段时间，我觉得自己被放逐了。同时，作为一名艺术家，自由的状态赋予了我前所未有的自在感。与各种肤色的人交过朋友后，我以为中国要实现美国的平等和多样性还有很长的路要走。我以为，如果我想继续创作能照亮现实的艺术，我就不能回到家去。最重要的是，我以为美国是我最终的归属。于是我告诉自己：要么留在美国做一名艺术家，要么回家，闭上嘴巴，去做点别的事情。之后，在寒暑假回家的时候，我感到自己比同辈们更开明、更有优越感。然而，每次我回去，中国的生活都会变得不一样。更多的摩天大楼，更多的主权，更多的骄傲感。最重要的是，人们是快乐的，比“自由”国度的民众要快乐得多，讽刺地是，在“自由”国度，人们感到的压抑和窒息却更多，而另一方面，他们又认为自己高中国人一等。"
        }
      },
      {
        "_index": "news",
        "_type": "news",
        "_id": "zQc3YHYBRQMLbcAqtDgM",
        "_score": 3.1428924,
        "_source": {
          "title": "代工厂产能紧张 芯片短缺何时能缓解？",
          "article": "  中新社北京12月13日电 (记者 刘育英)新一轮的芯片短缺已经影响到汽车、手机、消费电子等终端行业。由于芯片代工企业的产能很难快速扩张，业内人士认为，这一轮的芯片短缺可能要到明年年底才能缓解。   大众汽车集团(中国)公关部相关负责人接受媒体采访时表示，新冠肺炎疫情带来的不确定性，影响到了一些特定汽车电子元件的芯片供应。中国市场的全面复苏也进一步推动了需求的增长，一些汽车生产面临中断的风险。   除汽车外，手机芯片也开始短缺，芯片企业甚至出资帮助代工厂扩产。联发科计划拿出16.2亿新台币购买用于芯片制造的设备，租借给供应链厂商力晶，以提高产能。   目前，台积电、三星、格芯、联电、中芯国际等晶圆代工企业的产能持续爆满。   中芯国际全球销售及市场资深副总裁彭进表示，芯片代工产能紧张的第一个原因是需求增长远超预期。5G的到来推动手机和基站对芯片的需求增长，每部手机的PMIC芯片数量也从平均4至5颗增加到了7至8颗。汽车网联化、IoT/智能家居需求持续上行，以及新冠疫情“宅经济”效应带动服务器、PC大幅增长，也导致市场对芯片的需求急剧增加。   众诚智库高级分析师张扬对中新社记者表示，目前汽车电子、手机、智能家居等消费类电子需求的增长已远远超过产能的增长预期，叠加新冠疫情对全球供应链体系的影响，导致8英寸晶圆的产能出现明显不足。   终端厂商的备货也加剧了代工厂产能紧张。集微咨询总经理韩晓敏对中新社记者表示，华为之后，其他手机厂商为了保证供应链安全以及抢占市场，今年开始大规模备货，造成代工厂产能紧张，厂商的交货周期大为延长。   近日，中芯国际宣布投资500亿元人民币在北京建厂，生产12英寸集成电路晶圆及集成电路封装系列等。   彭进表示，今年在疫情影响下，全球主要供应商暂停出货，即便设备进厂也没有团队来安装，这直接导致产能的扩充进度延期。   芯片制造的产能释放需要周期，这也导致代工厂扩充产能比较谨慎。彭进表示，要根据市场和客户需求判断和投资扩产。   韩晓敏认为，中芯国际产能释放要到2022年底或2023年初，无法很快缓解目前的产能紧缺问题。这一轮的芯片紧缺差不多要延续到明年年底才能结束。   晶圆代工厂世界先进董事长方略表示，目前世界先进在电源管理IC、驱动IC与影像传感器等方面应用需求最热络，车用电子需求也明显转强，预计8英寸晶圆代工供不应求情况，至少延续到明年上半年、甚至第三季度。   德国汽车零部件供应商大陆集团表示，在疫情导致全球销量下滑后，中国半导体需求反弹，供应链瓶颈可能持续到2021年。   目前，芯片制造已经成为中国电子信息产业卡脖子“短板”。张扬认为，芯片制造不仅是引进设备，更是要从新材料、精度、工艺等方面突破芯片制造设备的生产制造，才能从源头上真正解决这一“短板”。",
          "id": "9965f597-a7c3-47f2-87e2-c39ace784b37"
        }
      },
      {
        "_index": "news",
        "_type": "news",
        "_id": "0weAYXYBRQMLbcAqgzgk",
        "_score": 3.1428924,
        "_source": {
          "title": "代工厂产能紧张 芯片短缺何时能缓解？",
          "article": "  中新社北京12月13日电 (记者 刘育英)新一轮的芯片短缺已经影响到汽车、手机、消费电子等终端行业。由于芯片代工企业的产能很难快速扩张，业内人士认为，这一轮的芯片短缺可能要到明年年底才能缓解。   大众汽车集团(中国)公关部相关负责人接受媒体采访时表示，新冠肺炎疫情带来的不确定性，影响到了一些特定汽车电子元件的芯片供应。中国市场的全面复苏也进一步推动了需求的增长，一些汽车生产面临中断的风险。   除汽车外，手机芯片也开始短缺，芯片企业甚至出资帮助代工厂扩产。联发科计划拿出16.2亿新台币购买用于芯片制造的设备，租借给供应链厂商力晶，以提高产能。   目前，台积电、三星、格芯、联电、中芯国际等晶圆代工企业的产能持续爆满。   中芯国际全球销售及市场资深副总裁彭进表示，芯片代工产能紧张的第一个原因是需求增长远超预期。5G的到来推动手机和基站对芯片的需求增长，每部手机的PMIC芯片数量也从平均4至5颗增加到了7至8颗。汽车网联化、IoT/智能家居需求持续上行，以及新冠疫情“宅经济”效应带动服务器、PC大幅增长，也导致市场对芯片的需求急剧增加。   众诚智库高级分析师张扬对中新社记者表示，目前汽车电子、手机、智能家居等消费类电子需求的增长已远远超过产能的增长预期，叠加新冠疫情对全球供应链体系的影响，导致8英寸晶圆的产能出现明显不足。   终端厂商的备货也加剧了代工厂产能紧张。集微咨询总经理韩晓敏对中新社记者表示，华为之后，其他手机厂商为了保证供应链安全以及抢占市场，今年开始大规模备货，造成代工厂产能紧张，厂商的交货周期大为延长。   近日，中芯国际宣布投资500亿元人民币在北京建厂，生产12英寸集成电路晶圆及集成电路封装系列等。   彭进表示，今年在疫情影响下，全球主要供应商暂停出货，即便设备进厂也没有团队来安装，这直接导致产能的扩充进度延期。   芯片制造的产能释放需要周期，这也导致代工厂扩充产能比较谨慎。彭进表示，要根据市场和客户需求判断和投资扩产。   韩晓敏认为，中芯国际产能释放要到2022年底或2023年初，无法很快缓解目前的产能紧缺问题。这一轮的芯片紧缺差不多要延续到明年年底才能结束。   晶圆代工厂世界先进董事长方略表示，目前世界先进在电源管理IC、驱动IC与影像传感器等方面应用需求最热络，车用电子需求也明显转强，预计8英寸晶圆代工供不应求情况，至少延续到明年上半年、甚至第三季度。   德国汽车零部件供应商大陆集团表示，在疫情导致全球销量下滑后，中国半导体需求反弹，供应链瓶颈可能持续到2021年。   目前，芯片制造已经成为中国电子信息产业卡脖子“短板”。张扬认为，芯片制造不仅是引进设备，更是要从新材料、精度、工艺等方面突破芯片制造设备的生产制造，才能从源头上真正解决这一“短板”。",
          "id": "c710c49f-4b0d-414b-9e22-e4c01d5536bf"
        }
      },
      {
        "_index": "news",
        "_type": "news",
        "_id": "_mu0W3YBQt_KJKR8Zzle",
        "_score": 1.8386259,
        "_source": {
          "title": "中韩渔警冲突调查：韩警平均每天扣1艘中国渔船",
          "url": "https://news.qq.com/a/20111216/001044.htm",
          "date": "2011-12-17",
          "article": "据成都市卫健委消息，11月29日上午，成都市获悉重庆市SK海力士公司一韩国籍员工于11月26日自重庆来蓉，由双流国际机场搭乘航班飞往韩国，该旅客11月28日在韩国诊断为无症状感染者。目前，成都已完成重庆协查出境无症状感染者相关人员筛查，核酸检测均为阴性。"
        }
      },
      {
        "_index": "news",
        "_type": "news",
        "_id": "_2u0W3YBQt_KJKR8ZzmM",
        "_score": 1.8386259,
        "_source": {
          "title": "中国驻洛杉矶领事馆遭亚裔男子枪击 嫌犯已自首",
          "url": "http://news.ifeng.com/world/detail_2011_12/16/11372558_0.shtml",
          "date": "2011-12-18",
          "article": "一名孕期感染新冠病毒的新加坡女子最近生下一名携带新冠病毒抗体的男婴，为研究新冠病毒的传播途径是否包括母婴传播提供了新线索。新加坡《海峡时报》29日报道，一名新加坡女子3月和家人赴欧洲度假后感染新冠病毒，确诊时已怀孕10周。这名女子当时症状轻微，住院治疗接近20天后康复。她本月7日在新加坡国立大学医院生下一名重3.5千克的男婴。医生检查确认，这名男婴没有感染新冠病毒，携带新冠病毒抗体。医生告诉这名女子，她体内的新冠抗体“消失”而男婴携带抗体。她说：“医生推测我在孕期把体内的新冠抗体转移给他（男婴）了。”这名女子先前不担心会把新冠病毒传染给孩子。据她了解，新冠病毒由母亲传染婴儿的概率非常低。按世界卫生组织的说法，暂时不清楚感染新冠病毒的孕妇是否会在孕期或生产时把病毒传染给胎儿或婴儿。医务人员迄今没有在羊水或母乳样本中检测出活性新冠病毒。美国纽约长老会和哥伦比亚大学欧文医学中心的医生10月在《美国医学会杂志·小儿科》月刊发表文章，说新冠病毒由母婴传播的情况罕见。"
        }
      },
      {
        "_index": "news",
        "_type": "news",
        "_id": "Amu0W3YBQt_KJKR8zTo3",
        "_score": 1.8386259,
        "_source": {
          "title": "中韩渔警冲突调查：韩警平均每天扣1艘中国渔船",
          "url": "https://news.qq.com/a/20111216/001044.htm",
          "date": "2011-12-17",
          "article": "据成都市卫健委消息，11月29日上午，成都市获悉重庆市SK海力士公司一韩国籍员工于11月26日自重庆来蓉，由双流国际机场搭乘航班飞往韩国，该旅客11月28日在韩国诊断为无症状感染者。目前，成都已完成重庆协查出境无症状感染者相关人员筛查，核酸检测均为阴性。"
        }
      },
      {
        "_index": "news",
        "_type": "news",
        "_id": "A2u0W3YBQt_KJKR8zTpn",
        "_score": 1.8386259,
        "_source": {
          "title": "中国驻洛杉矶领事馆遭亚裔男子枪击 嫌犯已自首",
          "url": "http://news.ifeng.com/world/detail_2011_12/16/11372558_0.shtml",
          "date": "2011-12-18",
          "article": "一名孕期感染新冠病毒的新加坡女子最近生下一名携带新冠病毒抗体的男婴，为研究新冠病毒的传播途径是否包括母婴传播提供了新线索。新加坡《海峡时报》29日报道，一名新加坡女子3月和家人赴欧洲度假后感染新冠病毒，确诊时已怀孕10周。这名女子当时症状轻微，住院治疗接近20天后康复。她本月7日在新加坡国立大学医院生下一名重3.5千克的男婴。医生检查确认，这名男婴没有感染新冠病毒，携带新冠病毒抗体。医生告诉这名女子，她体内的新冠抗体“消失”而男婴携带抗体。她说：“医生推测我在孕期把体内的新冠抗体转移给他（男婴）了。”这名女子先前不担心会把新冠病毒传染给孩子。据她了解，新冠病毒由母亲传染婴儿的概率非常低。按世界卫生组织的说法，暂时不清楚感染新冠病毒的孕妇是否会在孕期或生产时把病毒传染给胎儿或婴儿。医务人员迄今没有在羊水或母乳样本中检测出活性新冠病毒。美国纽约长老会和哥伦比亚大学欧文医学中心的医生10月在《美国医学会杂志·小儿科》月刊发表文章，说新冠病毒由母婴传播的情况罕见。"
        }
      },
      {
        "_index": "news",
        "_type": "news",
        "_id": "ywffX3YBRQMLbcAqZDi2",
        "_score": 1.1937764,
        "_source": {
          "title": "地球未来或拥有一批太空“护卫”",
          "article": "  天闻频道   从古到今，月亮一直陪伴在地球左右，似乎从来没有“兄弟姐妹”。但其实，还有一些“迷你月亮”，也曾经绕地球运转，“任职”地球卫星一段时间后，飞向星际空间。   11月23日，据国外媒体报道，天文学家利用位于美国亚利桑那州的洛厄尔发现望远镜（Lowell Discovery Telescope, LDT）所收集到的数据，揭示了已知的第二个“迷你月亮”的部分特征。通过研究，科学家可以更好地了解这个“迷你月亮”的自转速度和轨道特征，证明其是一个自然天体，而非人造的太空垃圾残骸。相关研究结果发表于《天文学杂志》（The Astrophysical Journal）。   什么是“迷你月亮”？为何其他靠近地球的小型天体不会被认为是“迷你月亮”？这些“迷你月亮”有哪些科学研究价值？带着这些问题，科技日报记者专访了中国科学院紫金山天文台行星科学与深空探测实验室副研究员赵玉晖。   短暂的“魅力”引来小型天体   2006年9月，科学家发现了已知的第一颗“迷你月亮”2006 RH120，这是一颗直径大约5米的近地小行星，通常都是围绕太阳公转，但大约每20年左右会接近地月系统一次。   今年2月，美国亚利桑那大学月球和行星实验室的卡特琳娜等人发现了第二个“迷你月亮”，被命名为2020 CD3。2020 CD3的直径约为1—1.5米，相当于一辆小汽车的大小，其距离地球最近时约13000千米。   何为“迷你月亮”？赵玉晖向科技日报记者介绍道：“‘迷你月亮’是指像月球一样绕地球运动的、尺寸较小的天体。从动力学上讲，它处在绕地球运动的轨道上，受到的主要作用力为地球的引力。”   为何其他靠近地球的小型天体不能称为“迷你月亮”？赵玉晖表示，因为这类天体主要受到太阳引力作用，绕太阳运转，只是恰巧在某个时刻与地球距离比较近或者绕太阳运转的轨道与地球的轨道比较接近。   因此，是不是“迷你月亮”，需要判断其主要受到的作用力，如果地球“魅力”足够大，吸引了天体绕地球运转，这个天体才能被称为“迷你月亮”。   不过，“迷你月亮”不同于真的月亮，它们不能一直“守护”在地球周围。这是因为，在绕地球运转的过程中，“迷你月亮”虽然主要受到地球引力的作用，但也同时受到来自太阳、月球的引力，以及太阳光压等摄动力的影响。由于“迷你月亮”所处轨道的特性，这些摄动力可能会对它的轨道产生较大的影响，使其不能稳定地绕地球运动，而会离开地月系统，回到围绕太阳运转的轨道上。   未来会发现大量的“迷你月亮”   那么像地球这样的天体，其卫星一般从何而来？是天生的还是像“迷你月亮”这样后天捕获的？赵玉晖表示，这两种情况都存在且有明显的差别。   一般而言，天生的卫星体积较大且是顺行的，其运行的轨道距离行星较近且轨道面倾角较小。而那些距离行星较远、逆行，且在大偏心率或者高倾角的轨道上运转的不规则小天体，被认为是后来捕获的卫星。   当然，也有一类因自然原因后天形成的卫星，比如月球，就被认为是地球受到撞击之后溅射出的物质所形成的。   “迷你月亮”2020 CD3轨道近地点远比地月距离近得多。据悉，“迷你月亮”其实并不稀少，可能有大量小型天体围绕地球运转，只是已知的相对较少。随着望远镜等设备的技术革新，科学家预计，在接下来的10年内，会发现大量的“迷你月亮”。   假如未来真能发现大量的“迷你月亮”，它们又如此靠近地球，我们是否可以实地探测？研究这些“迷你月亮”有何科学意义？   这些小天体由于与地球距离较近，便于观测，可能成为未来空间探测任务的潜在目标。   赵玉晖表示，对于“迷你月亮”的研究，可以更好地了解这些小型天体的来源、物理性质和动力学特性，以及与其他小行星和彗星族群的异同等，帮助我们更好地了解太阳系的演化过程。   研究人员也指出，因为这些“迷你月亮”距离地球很近，未来会吸引科学家探测，以便于了解这些天体的真正起源。除此之外，未来这些天体很可能会作为太空资源，具有潜在的商业价值。",
          "id": "bb03e28f-b20f-49bc-b6b1-c4fd63b7e146"
        }
      },
      {
        "_index": "news",
        "_type": "news",
        "_id": "0Qc3YHYBRQMLbcAqtTh7",
        "_score": 1.1937764,
        "_source": {
          "title": "地球未来或拥有一批太空“护卫”",
          "article": "  天闻频道   从古到今，月亮一直陪伴在地球左右，似乎从来没有“兄弟姐妹”。但其实，还有一些“迷你月亮”，也曾经绕地球运转，“任职”地球卫星一段时间后，飞向星际空间。   11月23日，据国外媒体报道，天文学家利用位于美国亚利桑那州的洛厄尔发现望远镜（Lowell Discovery Telescope, LDT）所收集到的数据，揭示了已知的第二个“迷你月亮”的部分特征。通过研究，科学家可以更好地了解这个“迷你月亮”的自转速度和轨道特征，证明其是一个自然天体，而非人造的太空垃圾残骸。相关研究结果发表于《天文学杂志》（The Astrophysical Journal）。   什么是“迷你月亮”？为何其他靠近地球的小型天体不会被认为是“迷你月亮”？这些“迷你月亮”有哪些科学研究价值？带着这些问题，科技日报记者专访了中国科学院紫金山天文台行星科学与深空探测实验室副研究员赵玉晖。   短暂的“魅力”引来小型天体   2006年9月，科学家发现了已知的第一颗“迷你月亮”2006 RH120，这是一颗直径大约5米的近地小行星，通常都是围绕太阳公转，但大约每20年左右会接近地月系统一次。   今年2月，美国亚利桑那大学月球和行星实验室的卡特琳娜等人发现了第二个“迷你月亮”，被命名为2020 CD3。2020 CD3的直径约为1—1.5米，相当于一辆小汽车的大小，其距离地球最近时约13000千米。   何为“迷你月亮”？赵玉晖向科技日报记者介绍道：“‘迷你月亮’是指像月球一样绕地球运动的、尺寸较小的天体。从动力学上讲，它处在绕地球运动的轨道上，受到的主要作用力为地球的引力。”   为何其他靠近地球的小型天体不能称为“迷你月亮”？赵玉晖表示，因为这类天体主要受到太阳引力作用，绕太阳运转，只是恰巧在某个时刻与地球距离比较近或者绕太阳运转的轨道与地球的轨道比较接近。   因此，是不是“迷你月亮”，需要判断其主要受到的作用力，如果地球“魅力”足够大，吸引了天体绕地球运转，这个天体才能被称为“迷你月亮”。   不过，“迷你月亮”不同于真的月亮，它们不能一直“守护”在地球周围。这是因为，在绕地球运转的过程中，“迷你月亮”虽然主要受到地球引力的作用，但也同时受到来自太阳、月球的引力，以及太阳光压等摄动力的影响。由于“迷你月亮”所处轨道的特性，这些摄动力可能会对它的轨道产生较大的影响，使其不能稳定地绕地球运动，而会离开地月系统，回到围绕太阳运转的轨道上。   未来会发现大量的“迷你月亮”   那么像地球这样的天体，其卫星一般从何而来？是天生的还是像“迷你月亮”这样后天捕获的？赵玉晖表示，这两种情况都存在且有明显的差别。   一般而言，天生的卫星体积较大且是顺行的，其运行的轨道距离行星较近且轨道面倾角较小。而那些距离行星较远、逆行，且在大偏心率或者高倾角的轨道上运转的不规则小天体，被认为是后来捕获的卫星。   当然，也有一类因自然原因后天形成的卫星，比如月球，就被认为是地球受到撞击之后溅射出的物质所形成的。   “迷你月亮”2020 CD3轨道近地点远比地月距离近得多。据悉，“迷你月亮”其实并不稀少，可能有大量小型天体围绕地球运转，只是已知的相对较少。随着望远镜等设备的技术革新，科学家预计，在接下来的10年内，会发现大量的“迷你月亮”。   假如未来真能发现大量的“迷你月亮”，它们又如此靠近地球，我们是否可以实地探测？研究这些“迷你月亮”有何科学意义？   这些小天体由于与地球距离较近，便于观测，可能成为未来空间探测任务的潜在目标。   赵玉晖表示，对于“迷你月亮”的研究，可以更好地了解这些小型天体的来源、物理性质和动力学特性，以及与其他小行星和彗星族群的异同等，帮助我们更好地了解太阳系的演化过程。   研究人员也指出，因为这些“迷你月亮”距离地球很近，未来会吸引科学家探测，以便于了解这些天体的真正起源。除此之外，未来这些天体很可能会作为太空资源，具有潜在的商业价值。",
          "id": "8ce1f729-d61f-4370-bc61-e7a4146f1f8a"
        }
      }
    ]
  }
}/usr/local/lib/python3.6/dist-packages/requests/__init__.py:91: RequestsDependencyWarning: urllib3 (1.26.2) or chardet (3.0.4) doesn't match a supported version!
  RequestsDependencyWarning)
/home/se_gp7/.local/lib/python3.6/site-packages/elasticsearch/connection/base.py:193: ElasticsearchDeprecationWarning: [types removal] Specifying types in search requests is deprecated.
  warnings.warn(message, category=ElasticsearchDeprecationWarning)
[2020-12-14 21:47:07,469] ERROR in app: Exception on /content/search [POST]
Traceback (most recent call last):
  File "/home/se_gp7/.local/lib/python3.6/site-packages/flask/app.py", line 2447, in wsgi_app
    response = self.full_dispatch_request()
  File "/home/se_gp7/.local/lib/python3.6/site-packages/flask/app.py", line 1953, in full_dispatch_request
    return self.finalize_request(rv)
  File "/home/se_gp7/.local/lib/python3.6/site-packages/flask/app.py", line 1968, in finalize_request
    response = self.make_response(rv)
  File "/home/se_gp7/.local/lib/python3.6/site-packages/flask/app.py", line 2098, in make_response
    "The view function did not return a valid response. The"
TypeError: The view function did not return a valid response. The function either returned None or ended without a return statement.
[2020-12-14 21:50:48 +0800] [21157] [INFO] Handling signal: term
/usr/local/lib/python3.6/dist-packages/requests/__init__.py:91: RequestsDependencyWarning: urllib3 (1.26.2) or chardet (3.0.4) doesn't match a supported version!
  RequestsDependencyWarning)
[2020-12-14 21:50:48 +0800] [21163] [INFO] Worker exiting (pid: 21163)
/usr/local/lib/python3.6/dist-packages/requests/__init__.py:91: RequestsDependencyWarning: urllib3 (1.26.2) or chardet (3.0.4) doesn't match a supported version!
  RequestsDependencyWarning)
[2020-12-14 21:50:49 +0800] [21161] [INFO] Worker exiting (pid: 21161)
/usr/local/lib/python3.6/dist-packages/requests/__init__.py:91: RequestsDependencyWarning: urllib3 (1.26.2) or chardet (3.0.4) doesn't match a supported version!
  RequestsDependencyWarning)
[2020-12-14 21:50:49 +0800] [21164] [INFO] Worker exiting (pid: 21164)
[2020-12-14 21:50:49 +0800] [21162] [INFO] Worker exiting (pid: 21162)

/home/se_gp7/.local/lib/python3.6/site-packages/elasticsearch/connection/base.py:193: ElasticsearchDeprecationWarning: [types removal] Specifying types in document index requests is deprecated, use the typeless endpoints instead (/{index}/_doc/{id}, /{index}/_doc, or /{index}/_create/{id}).
  warnings.warn(message, category=ElasticsearchDeprecationWarning)
[2020-12-14 21:50:49 +0800] [21160] [INFO] Worker exiting (pid: 21160)
[2020-12-14 21:50:49 +0800] [21157] [INFO] Shutting down: Master
